#
# There is insufficient memory for the Java Runtime Environment to continue.
# Native memory allocation (malloc) failed to allocate 406752 bytes for Chunk::new
# Possible reasons:
#   The system is out of physical RAM or swap space
#   The process is running with CompressedOops enabled, and the Java Heap may be blocking the growth of the native heap
# Possible solutions:
#   Reduce memory load on the system
#   Increase physical memory or swap space
#   Check if swap backing store is full
#   Decrease Java heap size (-Xmx/-Xms)
#   Decrease number of Java threads
#   Decrease Java thread stack sizes (-Xss)
#   Set larger code cache with -XX:ReservedCodeCacheSize=
#   JVM is running with Unscaled Compressed Oops mode in which the Java heap is
#     placed in the first 4GB address space. The Java Heap base address is the
#     maximum limit for the native heap growth. Please use -XX:HeapBaseMinAddress
#     to set the Java Heap base and to place the Java Heap above 4GB virtual address.
# This output file may be truncated or incomplete.
#
#  Out of Memory Error (arena.cpp:168), pid=9000, tid=9936
#
# JRE version: Java(TM) SE Runtime Environment (21.0.1+12) (build 21.0.1+12-LTS-29)
# Java VM: Java HotSpot(TM) 64-Bit Server VM (21.0.1+12-LTS-29, mixed mode, sharing, tiered, compressed oops, compressed class ptrs, g1 gc, windows-amd64)
# No core dump will be written. Minidumps are not enabled by default on client versions of Windows
#

---------------  S U M M A R Y ------------

Command Line: -javaagent:C:\Program Files\JetBrains\IntelliJ IDEA Community Edition 2023.3.2\lib\idea_rt.jar=7152:C:\Program Files\JetBrains\IntelliJ IDEA Community Edition 2023.3.2\bin -Dfile.encoding=UTF-8 -Dsun.stdout.encoding=UTF-8 -Dsun.stderr.encoding=UTF-8 hm.rh.RhApplication

Host: Intel(R) Core(TM) i7-4510U CPU @ 2.00GHz, 4 cores, 7G,  Windows 10 , 64 bit Build 19041 (10.0.19041.3636)
Time: Fri Jan 12 20:38:51 2024 Hora estándar romance elapsed time: 1.879967 seconds (0d 0h 0m 1s)

---------------  T H R E A D  ---------------

Current thread (0x000002a72aa6eda0):  JavaThread "C2 CompilerThread1" daemon [_thread_in_native, id=9936, stack(0x000000b86a800000,0x000000b86a900000) (1024K)]


Current CompileTask:
C2:   1880 1872   !   4       java.util.concurrent.ConcurrentHashMap::transfer (849 bytes)

Stack: [0x000000b86a800000,0x000000b86a900000]
Native frames: (J=compiled Java code, j=interpreted, Vv=VM code, C=native code)
V  [jvm.dll+0x6c9029]
V  [jvm.dll+0x854b81]
V  [jvm.dll+0x856e5e]
V  [jvm.dll+0x857543]
V  [jvm.dll+0x280c06]
V  [jvm.dll+0xc3ead]
V  [jvm.dll+0xc43c3]
V  [jvm.dll+0x3b576c]
V  [jvm.dll+0x382475]
V  [jvm.dll+0x3818ea]
V  [jvm.dll+0x249ad0]
V  [jvm.dll+0x2490b1]
V  [jvm.dll+0x1c9ca1]
V  [jvm.dll+0x2586b9]
V  [jvm.dll+0x256c9a]
V  [jvm.dll+0x3ef1b6]
V  [jvm.dll+0x7fd728]
V  [jvm.dll+0x6c777d]
C  [ucrtbase.dll+0x21bb2]
C  [KERNEL32.DLL+0x17344]
C  [ntdll.dll+0x526b1]


---------------  P R O C E S S  ---------------

Threads class SMR info:
_java_thread_list=0x000002a77036d790, length=14, elements={
0x000002a70e6705b0, 0x000002a72a759320, 0x000002a72a759e50, 0x000002a72a75dac0,
0x000002a72a760140, 0x000002a72a7607b0, 0x000002a72a764e30, 0x000002a72a772cf0,
0x000002a72a7733a0, 0x000002a72a722ee0, 0x000002a72aa6eda0, 0x000002a72ac39db0,
0x000002a72ac8c380, 0x000002a7709df160
}

Java Threads: ( => current thread )
  0x000002a70e6705b0 JavaThread "main"                              [_thread_in_vm, id=10244, stack(0x000000b869700000,0x000000b869800000) (1024K)]
  0x000002a72a759320 JavaThread "Reference Handler"          daemon [_thread_blocked, id=16288, stack(0x000000b869f00000,0x000000b86a000000) (1024K)]
  0x000002a72a759e50 JavaThread "Finalizer"                  daemon [_thread_blocked, id=16308, stack(0x000000b86a000000,0x000000b86a100000) (1024K)]
  0x000002a72a75dac0 JavaThread "Signal Dispatcher"          daemon [_thread_blocked, id=12196, stack(0x000000b86a100000,0x000000b86a200000) (1024K)]
  0x000002a72a760140 JavaThread "Attach Listener"            daemon [_thread_blocked, id=16196, stack(0x000000b86a200000,0x000000b86a300000) (1024K)]
  0x000002a72a7607b0 JavaThread "Service Thread"             daemon [_thread_blocked, id=1128, stack(0x000000b86a300000,0x000000b86a400000) (1024K)]
  0x000002a72a764e30 JavaThread "Monitor Deflation Thread"   daemon [_thread_blocked, id=10668, stack(0x000000b86a400000,0x000000b86a500000) (1024K)]
  0x000002a72a772cf0 JavaThread "C2 CompilerThread0"         daemon [_thread_blocked, id=8556, stack(0x000000b86a500000,0x000000b86a600000) (1024K)]
  0x000002a72a7733a0 JavaThread "C1 CompilerThread0"         daemon [_thread_blocked, id=2252, stack(0x000000b86a600000,0x000000b86a700000) (1024K)]
  0x000002a72a722ee0 JavaThread "Common-Cleaner"             daemon [_thread_blocked, id=9488, stack(0x000000b86a700000,0x000000b86a800000) (1024K)]
=>0x000002a72aa6eda0 JavaThread "C2 CompilerThread1"         daemon [_thread_in_native, id=9936, stack(0x000000b86a800000,0x000000b86a900000) (1024K)]
  0x000002a72ac39db0 JavaThread "Monitor Ctrl-Break"         daemon [_thread_in_native, id=4852, stack(0x000000b86a900000,0x000000b86aa00000) (1024K)]
  0x000002a72ac8c380 JavaThread "Notification Thread"        daemon [_thread_blocked, id=16344, stack(0x000000b86aa00000,0x000000b86ab00000) (1024K)]
  0x000002a7709df160 JavaThread "background-preinit"                [_thread_in_vm, id=636, stack(0x000000b86ae00000,0x000000b86af00000) (1024K)]
Total: 14

Other Threads:
  0x000002a72a739c20 VMThread "VM Thread"                           [id=6360, stack(0x000000b869e00000,0x000000b869f00000) (1024K)]
  0x000002a72a7227e0 WatcherThread "VM Periodic Task Thread"        [id=8560, stack(0x000000b869d00000,0x000000b869e00000) (1024K)]
  0x000002a70e6c7ff0 WorkerThread "GC Thread#0"                     [id=11004, stack(0x000000b869800000,0x000000b869900000) (1024K)]
  0x000002a7704e89a0 WorkerThread "GC Thread#1"                     [id=3592, stack(0x000000b86ab00000,0x000000b86ac00000) (1024K)]
  0x000002a7706ee190 WorkerThread "GC Thread#2"                     [id=8580, stack(0x000000b86ac00000,0x000000b86ad00000) (1024K)]
  0x000002a770735f50 WorkerThread "GC Thread#3"                     [id=5568, stack(0x000000b86ad00000,0x000000b86ae00000) (1024K)]
  0x000002a70e6d9ee0 ConcurrentGCThread "G1 Main Marker"            [id=6524, stack(0x000000b869900000,0x000000b869a00000) (1024K)]
  0x000002a70e6db090 WorkerThread "G1 Conc#0"                       [id=4116, stack(0x000000b869a00000,0x000000b869b00000) (1024K)]
  0x000002a72a5e20b0 ConcurrentGCThread "G1 Refine#0"               [id=4896, stack(0x000000b869b00000,0x000000b869c00000) (1024K)]
  0x000002a72a5e2740 ConcurrentGCThread "G1 Service"                [id=15620, stack(0x000000b869c00000,0x000000b869d00000) (1024K)]
Total: 10

Threads with active compile tasks:
C2 CompilerThread1     1930 1872   !   4       java.util.concurrent.ConcurrentHashMap::transfer (849 bytes)
Total: 1

VM state: not at safepoint (normal execution)

VM Mutex/Monitor currently owned by a thread:  ([mutex/lock_event])
[0x00007fff85948578] Metaspace_lock - owner thread: 0x000002a70e6705b0

Heap address: 0x0000000081200000, size: 2030 MB, Compressed Oops mode: 32-bit

CDS archive(s) mapped at: [0x000002a72b000000-0x000002a72bc90000-0x000002a72bc90000), size 13172736, SharedBaseAddress: 0x000002a72b000000, ArchiveRelocationMode: 1.
Compressed class space mapped at: 0x000002a72c000000-0x000002a76c000000, reserved size: 1073741824
Narrow klass base: 0x000002a72b000000, Narrow klass shift: 0, Narrow klass range: 0x100000000

GC Precious Log:
 CardTable entry size: 512
 Card Set container configuration: InlinePtr #cards 5 size 8 Array Of Cards #cards 12 size 40 Howl #buckets 4 coarsen threshold 1843 Howl Bitmap #cards 512 size 80 coarsen threshold 460 Card regions per heap region 1 cards per card region 2048
 CPUs: 4 total, 4 available
 Memory: 8115M
 Large Page Support: Disabled
 NUMA Support: Disabled
 Compressed Oops: Enabled (32-bit)
 Heap Region Size: 1M
 Heap Min Capacity: 8M
 Heap Initial Capacity: 128M
 Heap Max Capacity: 2030M
 Pre-touch: Disabled
 Parallel Workers: 4
 Concurrent Workers: 1
 Concurrent Refinement Workers: 4
 Periodic GC: Disabled

Heap:
 garbage-first heap   total 131072K, used 31090K [0x0000000081200000, 0x0000000100000000)
  region size 1024K, 26 young (26624K), 2 survivors (2048K)
 Metaspace       used 14264K, committed 14528K, reserved 1114112K
  class space    used 1692K, committed 1856K, reserved 1048576K

Heap Regions: E=young(eden), S=young(survivor), O=old, HS=humongous(starts), HC=humongous(continues), CS=collection set, F=free, TAMS=top-at-mark-start, PB=parsable bottom
|   0|0x0000000081200000, 0x0000000081300000, 0x0000000081300000|100%|HS|  |TAMS 0x0000000081200000| PB 0x0000000081200000| Complete 
|   1|0x0000000081300000, 0x0000000081400000, 0x0000000081400000|100%| O|  |TAMS 0x0000000081300000| PB 0x0000000081300000| Untracked 
|   2|0x0000000081400000, 0x0000000081500000, 0x0000000081500000|100%| O|  |TAMS 0x0000000081400000| PB 0x0000000081400000| Untracked 
|   3|0x0000000081500000, 0x0000000081600000, 0x0000000081600000|100%| O|  |TAMS 0x0000000081500000| PB 0x0000000081500000| Untracked 
|   4|0x0000000081600000, 0x0000000081700000, 0x0000000081700000|100%| O|  |TAMS 0x0000000081600000| PB 0x0000000081600000| Untracked 
|   5|0x0000000081700000, 0x00000000817d72b8, 0x0000000081800000| 84%| O|  |TAMS 0x0000000081700000| PB 0x0000000081700000| Untracked 
|   6|0x0000000081800000, 0x0000000081800000, 0x0000000081900000|  0%| F|  |TAMS 0x0000000081800000| PB 0x0000000081800000| Untracked 
|   7|0x0000000081900000, 0x0000000081900000, 0x0000000081a00000|  0%| F|  |TAMS 0x0000000081900000| PB 0x0000000081900000| Untracked 
|   8|0x0000000081a00000, 0x0000000081a00000, 0x0000000081b00000|  0%| F|  |TAMS 0x0000000081a00000| PB 0x0000000081a00000| Untracked 
|   9|0x0000000081b00000, 0x0000000081b00000, 0x0000000081c00000|  0%| F|  |TAMS 0x0000000081b00000| PB 0x0000000081b00000| Untracked 
|  10|0x0000000081c00000, 0x0000000081c00000, 0x0000000081d00000|  0%| F|  |TAMS 0x0000000081c00000| PB 0x0000000081c00000| Untracked 
|  11|0x0000000081d00000, 0x0000000081d00000, 0x0000000081e00000|  0%| F|  |TAMS 0x0000000081d00000| PB 0x0000000081d00000| Untracked 
|  12|0x0000000081e00000, 0x0000000081e00000, 0x0000000081f00000|  0%| F|  |TAMS 0x0000000081e00000| PB 0x0000000081e00000| Untracked 
|  13|0x0000000081f00000, 0x0000000081f00000, 0x0000000082000000|  0%| F|  |TAMS 0x0000000081f00000| PB 0x0000000081f00000| Untracked 
|  14|0x0000000082000000, 0x0000000082000000, 0x0000000082100000|  0%| F|  |TAMS 0x0000000082000000| PB 0x0000000082000000| Untracked 
|  15|0x0000000082100000, 0x0000000082100000, 0x0000000082200000|  0%| F|  |TAMS 0x0000000082100000| PB 0x0000000082100000| Untracked 
|  16|0x0000000082200000, 0x0000000082200000, 0x0000000082300000|  0%| F|  |TAMS 0x0000000082200000| PB 0x0000000082200000| Untracked 
|  17|0x0000000082300000, 0x0000000082300000, 0x0000000082400000|  0%| F|  |TAMS 0x0000000082300000| PB 0x0000000082300000| Untracked 
|  18|0x0000000082400000, 0x0000000082400000, 0x0000000082500000|  0%| F|  |TAMS 0x0000000082400000| PB 0x0000000082400000| Untracked 
|  19|0x0000000082500000, 0x0000000082500000, 0x0000000082600000|  0%| F|  |TAMS 0x0000000082500000| PB 0x0000000082500000| Untracked 
|  20|0x0000000082600000, 0x0000000082600000, 0x0000000082700000|  0%| F|  |TAMS 0x0000000082600000| PB 0x0000000082600000| Untracked 
|  21|0x0000000082700000, 0x0000000082700000, 0x0000000082800000|  0%| F|  |TAMS 0x0000000082700000| PB 0x0000000082700000| Untracked 
|  22|0x0000000082800000, 0x0000000082800000, 0x0000000082900000|  0%| F|  |TAMS 0x0000000082800000| PB 0x0000000082800000| Untracked 
|  23|0x0000000082900000, 0x0000000082900000, 0x0000000082a00000|  0%| F|  |TAMS 0x0000000082900000| PB 0x0000000082900000| Untracked 
|  24|0x0000000082a00000, 0x0000000082a00000, 0x0000000082b00000|  0%| F|  |TAMS 0x0000000082a00000| PB 0x0000000082a00000| Untracked 
|  25|0x0000000082b00000, 0x0000000082b00000, 0x0000000082c00000|  0%| F|  |TAMS 0x0000000082b00000| PB 0x0000000082b00000| Untracked 
|  26|0x0000000082c00000, 0x0000000082c00000, 0x0000000082d00000|  0%| F|  |TAMS 0x0000000082c00000| PB 0x0000000082c00000| Untracked 
|  27|0x0000000082d00000, 0x0000000082d00000, 0x0000000082e00000|  0%| F|  |TAMS 0x0000000082d00000| PB 0x0000000082d00000| Untracked 
|  28|0x0000000082e00000, 0x0000000082e00000, 0x0000000082f00000|  0%| F|  |TAMS 0x0000000082e00000| PB 0x0000000082e00000| Untracked 
|  29|0x0000000082f00000, 0x0000000082f00000, 0x0000000083000000|  0%| F|  |TAMS 0x0000000082f00000| PB 0x0000000082f00000| Untracked 
|  30|0x0000000083000000, 0x0000000083000000, 0x0000000083100000|  0%| F|  |TAMS 0x0000000083000000| PB 0x0000000083000000| Untracked 
|  31|0x0000000083100000, 0x0000000083100000, 0x0000000083200000|  0%| F|  |TAMS 0x0000000083100000| PB 0x0000000083100000| Untracked 
|  32|0x0000000083200000, 0x0000000083200000, 0x0000000083300000|  0%| F|  |TAMS 0x0000000083200000| PB 0x0000000083200000| Untracked 
|  33|0x0000000083300000, 0x0000000083300000, 0x0000000083400000|  0%| F|  |TAMS 0x0000000083300000| PB 0x0000000083300000| Untracked 
|  34|0x0000000083400000, 0x0000000083400000, 0x0000000083500000|  0%| F|  |TAMS 0x0000000083400000| PB 0x0000000083400000| Untracked 
|  35|0x0000000083500000, 0x0000000083500000, 0x0000000083600000|  0%| F|  |TAMS 0x0000000083500000| PB 0x0000000083500000| Untracked 
|  36|0x0000000083600000, 0x0000000083600000, 0x0000000083700000|  0%| F|  |TAMS 0x0000000083600000| PB 0x0000000083600000| Untracked 
|  37|0x0000000083700000, 0x0000000083700000, 0x0000000083800000|  0%| F|  |TAMS 0x0000000083700000| PB 0x0000000083700000| Untracked 
|  38|0x0000000083800000, 0x0000000083800000, 0x0000000083900000|  0%| F|  |TAMS 0x0000000083800000| PB 0x0000000083800000| Untracked 
|  39|0x0000000083900000, 0x0000000083900000, 0x0000000083a00000|  0%| F|  |TAMS 0x0000000083900000| PB 0x0000000083900000| Untracked 
|  40|0x0000000083a00000, 0x0000000083a00000, 0x0000000083b00000|  0%| F|  |TAMS 0x0000000083a00000| PB 0x0000000083a00000| Untracked 
|  41|0x0000000083b00000, 0x0000000083b00000, 0x0000000083c00000|  0%| F|  |TAMS 0x0000000083b00000| PB 0x0000000083b00000| Untracked 
|  42|0x0000000083c00000, 0x0000000083c00000, 0x0000000083d00000|  0%| F|  |TAMS 0x0000000083c00000| PB 0x0000000083c00000| Untracked 
|  43|0x0000000083d00000, 0x0000000083d00000, 0x0000000083e00000|  0%| F|  |TAMS 0x0000000083d00000| PB 0x0000000083d00000| Untracked 
|  44|0x0000000083e00000, 0x0000000083e00000, 0x0000000083f00000|  0%| F|  |TAMS 0x0000000083e00000| PB 0x0000000083e00000| Untracked 
|  45|0x0000000083f00000, 0x0000000083f00000, 0x0000000084000000|  0%| F|  |TAMS 0x0000000083f00000| PB 0x0000000083f00000| Untracked 
|  46|0x0000000084000000, 0x0000000084000000, 0x0000000084100000|  0%| F|  |TAMS 0x0000000084000000| PB 0x0000000084000000| Untracked 
|  47|0x0000000084100000, 0x0000000084100000, 0x0000000084200000|  0%| F|  |TAMS 0x0000000084100000| PB 0x0000000084100000| Untracked 
|  48|0x0000000084200000, 0x0000000084200000, 0x0000000084300000|  0%| F|  |TAMS 0x0000000084200000| PB 0x0000000084200000| Untracked 
|  49|0x0000000084300000, 0x0000000084300000, 0x0000000084400000|  0%| F|  |TAMS 0x0000000084300000| PB 0x0000000084300000| Untracked 
|  50|0x0000000084400000, 0x0000000084400000, 0x0000000084500000|  0%| F|  |TAMS 0x0000000084400000| PB 0x0000000084400000| Untracked 
|  51|0x0000000084500000, 0x0000000084500000, 0x0000000084600000|  0%| F|  |TAMS 0x0000000084500000| PB 0x0000000084500000| Untracked 
|  52|0x0000000084600000, 0x0000000084600000, 0x0000000084700000|  0%| F|  |TAMS 0x0000000084600000| PB 0x0000000084600000| Untracked 
|  53|0x0000000084700000, 0x0000000084700000, 0x0000000084800000|  0%| F|  |TAMS 0x0000000084700000| PB 0x0000000084700000| Untracked 
|  54|0x0000000084800000, 0x0000000084800000, 0x0000000084900000|  0%| F|  |TAMS 0x0000000084800000| PB 0x0000000084800000| Untracked 
|  55|0x0000000084900000, 0x0000000084900000, 0x0000000084a00000|  0%| F|  |TAMS 0x0000000084900000| PB 0x0000000084900000| Untracked 
|  56|0x0000000084a00000, 0x0000000084a00000, 0x0000000084b00000|  0%| F|  |TAMS 0x0000000084a00000| PB 0x0000000084a00000| Untracked 
|  57|0x0000000084b00000, 0x0000000084b00000, 0x0000000084c00000|  0%| F|  |TAMS 0x0000000084b00000| PB 0x0000000084b00000| Untracked 
|  58|0x0000000084c00000, 0x0000000084c00000, 0x0000000084d00000|  0%| F|  |TAMS 0x0000000084c00000| PB 0x0000000084c00000| Untracked 
|  59|0x0000000084d00000, 0x0000000084d00000, 0x0000000084e00000|  0%| F|  |TAMS 0x0000000084d00000| PB 0x0000000084d00000| Untracked 
|  60|0x0000000084e00000, 0x0000000084e00000, 0x0000000084f00000|  0%| F|  |TAMS 0x0000000084e00000| PB 0x0000000084e00000| Untracked 
|  61|0x0000000084f00000, 0x0000000084f00000, 0x0000000085000000|  0%| F|  |TAMS 0x0000000084f00000| PB 0x0000000084f00000| Untracked 
|  62|0x0000000085000000, 0x0000000085000000, 0x0000000085100000|  0%| F|  |TAMS 0x0000000085000000| PB 0x0000000085000000| Untracked 
|  63|0x0000000085100000, 0x0000000085100000, 0x0000000085200000|  0%| F|  |TAMS 0x0000000085100000| PB 0x0000000085100000| Untracked 
|  64|0x0000000085200000, 0x0000000085200000, 0x0000000085300000|  0%| F|  |TAMS 0x0000000085200000| PB 0x0000000085200000| Untracked 
|  65|0x0000000085300000, 0x0000000085300000, 0x0000000085400000|  0%| F|  |TAMS 0x0000000085300000| PB 0x0000000085300000| Untracked 
|  66|0x0000000085400000, 0x0000000085400000, 0x0000000085500000|  0%| F|  |TAMS 0x0000000085400000| PB 0x0000000085400000| Untracked 
|  67|0x0000000085500000, 0x0000000085500000, 0x0000000085600000|  0%| F|  |TAMS 0x0000000085500000| PB 0x0000000085500000| Untracked 
|  68|0x0000000085600000, 0x0000000085600000, 0x0000000085700000|  0%| F|  |TAMS 0x0000000085600000| PB 0x0000000085600000| Untracked 
|  69|0x0000000085700000, 0x0000000085700000, 0x0000000085800000|  0%| F|  |TAMS 0x0000000085700000| PB 0x0000000085700000| Untracked 
|  70|0x0000000085800000, 0x0000000085800000, 0x0000000085900000|  0%| F|  |TAMS 0x0000000085800000| PB 0x0000000085800000| Untracked 
|  71|0x0000000085900000, 0x0000000085900000, 0x0000000085a00000|  0%| F|  |TAMS 0x0000000085900000| PB 0x0000000085900000| Untracked 
|  72|0x0000000085a00000, 0x0000000085a00000, 0x0000000085b00000|  0%| F|  |TAMS 0x0000000085a00000| PB 0x0000000085a00000| Untracked 
|  73|0x0000000085b00000, 0x0000000085b00000, 0x0000000085c00000|  0%| F|  |TAMS 0x0000000085b00000| PB 0x0000000085b00000| Untracked 
|  74|0x0000000085c00000, 0x0000000085c00000, 0x0000000085d00000|  0%| F|  |TAMS 0x0000000085c00000| PB 0x0000000085c00000| Untracked 
|  75|0x0000000085d00000, 0x0000000085d00000, 0x0000000085e00000|  0%| F|  |TAMS 0x0000000085d00000| PB 0x0000000085d00000| Untracked 
|  76|0x0000000085e00000, 0x0000000085e00000, 0x0000000085f00000|  0%| F|  |TAMS 0x0000000085e00000| PB 0x0000000085e00000| Untracked 
|  77|0x0000000085f00000, 0x0000000085f00000, 0x0000000086000000|  0%| F|  |TAMS 0x0000000085f00000| PB 0x0000000085f00000| Untracked 
|  78|0x0000000086000000, 0x0000000086000000, 0x0000000086100000|  0%| F|  |TAMS 0x0000000086000000| PB 0x0000000086000000| Untracked 
|  79|0x0000000086100000, 0x0000000086100000, 0x0000000086200000|  0%| F|  |TAMS 0x0000000086100000| PB 0x0000000086100000| Untracked 
|  80|0x0000000086200000, 0x0000000086200000, 0x0000000086300000|  0%| F|  |TAMS 0x0000000086200000| PB 0x0000000086200000| Untracked 
|  81|0x0000000086300000, 0x0000000086300000, 0x0000000086400000|  0%| F|  |TAMS 0x0000000086300000| PB 0x0000000086300000| Untracked 
|  82|0x0000000086400000, 0x0000000086400000, 0x0000000086500000|  0%| F|  |TAMS 0x0000000086400000| PB 0x0000000086400000| Untracked 
|  83|0x0000000086500000, 0x0000000086500000, 0x0000000086600000|  0%| F|  |TAMS 0x0000000086500000| PB 0x0000000086500000| Untracked 
|  84|0x0000000086600000, 0x0000000086600000, 0x0000000086700000|  0%| F|  |TAMS 0x0000000086600000| PB 0x0000000086600000| Untracked 
|  85|0x0000000086700000, 0x0000000086700000, 0x0000000086800000|  0%| F|  |TAMS 0x0000000086700000| PB 0x0000000086700000| Untracked 
|  86|0x0000000086800000, 0x0000000086800000, 0x0000000086900000|  0%| F|  |TAMS 0x0000000086800000| PB 0x0000000086800000| Untracked 
|  87|0x0000000086900000, 0x0000000086900000, 0x0000000086a00000|  0%| F|  |TAMS 0x0000000086900000| PB 0x0000000086900000| Untracked 
|  88|0x0000000086a00000, 0x0000000086a00000, 0x0000000086b00000|  0%| F|  |TAMS 0x0000000086a00000| PB 0x0000000086a00000| Untracked 
|  89|0x0000000086b00000, 0x0000000086b00000, 0x0000000086c00000|  0%| F|  |TAMS 0x0000000086b00000| PB 0x0000000086b00000| Untracked 
|  90|0x0000000086c00000, 0x0000000086c00000, 0x0000000086d00000|  0%| F|  |TAMS 0x0000000086c00000| PB 0x0000000086c00000| Untracked 
|  91|0x0000000086d00000, 0x0000000086d00000, 0x0000000086e00000|  0%| F|  |TAMS 0x0000000086d00000| PB 0x0000000086d00000| Untracked 
|  92|0x0000000086e00000, 0x0000000086e00000, 0x0000000086f00000|  0%| F|  |TAMS 0x0000000086e00000| PB 0x0000000086e00000| Untracked 
|  93|0x0000000086f00000, 0x0000000086f00000, 0x0000000087000000|  0%| F|  |TAMS 0x0000000086f00000| PB 0x0000000086f00000| Untracked 
|  94|0x0000000087000000, 0x0000000087000000, 0x0000000087100000|  0%| F|  |TAMS 0x0000000087000000| PB 0x0000000087000000| Untracked 
|  95|0x0000000087100000, 0x0000000087100000, 0x0000000087200000|  0%| F|  |TAMS 0x0000000087100000| PB 0x0000000087100000| Untracked 
|  96|0x0000000087200000, 0x0000000087200000, 0x0000000087300000|  0%| F|  |TAMS 0x0000000087200000| PB 0x0000000087200000| Untracked 
|  97|0x0000000087300000, 0x0000000087300000, 0x0000000087400000|  0%| F|  |TAMS 0x0000000087300000| PB 0x0000000087300000| Untracked 
|  98|0x0000000087400000, 0x0000000087400000, 0x0000000087500000|  0%| F|  |TAMS 0x0000000087400000| PB 0x0000000087400000| Untracked 
|  99|0x0000000087500000, 0x0000000087500000, 0x0000000087600000|  0%| F|  |TAMS 0x0000000087500000| PB 0x0000000087500000| Untracked 
| 100|0x0000000087600000, 0x0000000087600000, 0x0000000087700000|  0%| F|  |TAMS 0x0000000087600000| PB 0x0000000087600000| Untracked 
| 101|0x0000000087700000, 0x0000000087700000, 0x0000000087800000|  0%| F|  |TAMS 0x0000000087700000| PB 0x0000000087700000| Untracked 
| 102|0x0000000087800000, 0x000000008782bcc8, 0x0000000087900000| 17%| E|  |TAMS 0x0000000087800000| PB 0x0000000087800000| Complete 
| 103|0x0000000087900000, 0x0000000087a00000, 0x0000000087a00000|100%| E|CS|TAMS 0x0000000087900000| PB 0x0000000087900000| Complete 
| 104|0x0000000087a00000, 0x0000000087b00000, 0x0000000087b00000|100%| E|CS|TAMS 0x0000000087a00000| PB 0x0000000087a00000| Complete 
| 105|0x0000000087b00000, 0x0000000087c00000, 0x0000000087c00000|100%| E|CS|TAMS 0x0000000087b00000| PB 0x0000000087b00000| Complete 
| 106|0x0000000087c00000, 0x0000000087d00000, 0x0000000087d00000|100%| E|CS|TAMS 0x0000000087c00000| PB 0x0000000087c00000| Complete 
| 107|0x0000000087d00000, 0x0000000087e00000, 0x0000000087e00000|100%| E|CS|TAMS 0x0000000087d00000| PB 0x0000000087d00000| Complete 
| 108|0x0000000087e00000, 0x0000000087f00000, 0x0000000087f00000|100%| E|CS|TAMS 0x0000000087e00000| PB 0x0000000087e00000| Complete 
| 109|0x0000000087f00000, 0x0000000088000000, 0x0000000088000000|100%| E|CS|TAMS 0x0000000087f00000| PB 0x0000000087f00000| Complete 
| 110|0x0000000088000000, 0x0000000088100000, 0x0000000088100000|100%| E|CS|TAMS 0x0000000088000000| PB 0x0000000088000000| Complete 
| 111|0x0000000088100000, 0x0000000088185680, 0x0000000088200000| 52%| S|CS|TAMS 0x0000000088100000| PB 0x0000000088100000| Complete 
| 112|0x0000000088200000, 0x0000000088300000, 0x0000000088300000|100%| S|CS|TAMS 0x0000000088200000| PB 0x0000000088200000| Complete 
| 113|0x0000000088300000, 0x0000000088400000, 0x0000000088400000|100%| E|CS|TAMS 0x0000000088300000| PB 0x0000000088300000| Complete 
| 114|0x0000000088400000, 0x0000000088500000, 0x0000000088500000|100%| E|CS|TAMS 0x0000000088400000| PB 0x0000000088400000| Complete 
| 115|0x0000000088500000, 0x0000000088600000, 0x0000000088600000|100%| E|CS|TAMS 0x0000000088500000| PB 0x0000000088500000| Complete 
| 116|0x0000000088600000, 0x0000000088700000, 0x0000000088700000|100%| E|CS|TAMS 0x0000000088600000| PB 0x0000000088600000| Complete 
| 117|0x0000000088700000, 0x0000000088800000, 0x0000000088800000|100%| E|CS|TAMS 0x0000000088700000| PB 0x0000000088700000| Complete 
| 118|0x0000000088800000, 0x0000000088900000, 0x0000000088900000|100%| E|CS|TAMS 0x0000000088800000| PB 0x0000000088800000| Complete 
| 119|0x0000000088900000, 0x0000000088a00000, 0x0000000088a00000|100%| E|CS|TAMS 0x0000000088900000| PB 0x0000000088900000| Complete 
| 120|0x0000000088a00000, 0x0000000088b00000, 0x0000000088b00000|100%| E|CS|TAMS 0x0000000088a00000| PB 0x0000000088a00000| Complete 
| 121|0x0000000088b00000, 0x0000000088c00000, 0x0000000088c00000|100%| E|CS|TAMS 0x0000000088b00000| PB 0x0000000088b00000| Complete 
| 122|0x0000000088c00000, 0x0000000088d00000, 0x0000000088d00000|100%| E|CS|TAMS 0x0000000088c00000| PB 0x0000000088c00000| Complete 
| 123|0x0000000088d00000, 0x0000000088e00000, 0x0000000088e00000|100%| E|CS|TAMS 0x0000000088d00000| PB 0x0000000088d00000| Complete 
| 124|0x0000000088e00000, 0x0000000088f00000, 0x0000000088f00000|100%| E|CS|TAMS 0x0000000088e00000| PB 0x0000000088e00000| Complete 
| 125|0x0000000088f00000, 0x0000000089000000, 0x0000000089000000|100%| E|CS|TAMS 0x0000000088f00000| PB 0x0000000088f00000| Complete 
| 126|0x0000000089000000, 0x0000000089100000, 0x0000000089100000|100%| E|CS|TAMS 0x0000000089000000| PB 0x0000000089000000| Complete 
| 127|0x0000000089100000, 0x0000000089200000, 0x0000000089200000|100%| E|CS|TAMS 0x0000000089100000| PB 0x0000000089100000| Complete 

Card table byte_map: [0x000002a725ed0000,0x000002a7262d0000] _byte_map_base: 0x000002a725ac7000

Marking Bits: (CMBitMap*) 0x000002a70e6c8600
 Bits: [0x000002a7262d0000, 0x000002a728288000)

Polling page: 0x000002a70c4b0000

Metaspace:

Usage:
  Non-class:     12.28 MB used.
      Class:      1.65 MB used.
       Both:     13.93 MB used.

Virtual space:
  Non-class space:       64.00 MB reserved,      12.38 MB ( 19%) committed,  1 nodes.
      Class space:        1.00 GB reserved,       1.81 MB ( <1%) committed,  1 nodes.
             Both:        1.06 GB reserved,      14.19 MB (  1%) committed. 

Chunk freelists:
   Non-Class:  2.67 MB
       Class:  14.16 MB
        Both:  16.83 MB

MaxMetaspaceSize: unlimited
CompressedClassSpaceSize: 1.00 GB
Initial GC threshold: 21.00 MB
Current GC threshold: 21.00 MB
CDS: on
 - commit_granule_bytes: 65536.
 - commit_granule_words: 8192.
 - virtual_space_node_default_size: 8388608.
 - enlarge_chunks_in_place: 1.
 - use_allocation_guard: 0.


Internal statistics:

num_allocs_failed_limit: 0.
num_arena_births: 244.
num_arena_deaths: 0.
num_vsnodes_births: 2.
num_vsnodes_deaths: 0.
num_space_committed: 227.
num_space_uncommitted: 0.
num_chunks_returned_to_freelist: 0.
num_chunks_taken_from_freelist: 724.
num_chunk_merges: 0.
num_chunk_splits: 473.
num_chunks_enlarged: 331.
num_inconsistent_stats: 0.

CodeHeap 'non-profiled nmethods': size=120000Kb used=657Kb max_used=657Kb free=119342Kb
 bounds [0x000002a71e5a0000, 0x000002a71e810000, 0x000002a725ad0000]
CodeHeap 'profiled nmethods': size=120000Kb used=3431Kb max_used=3431Kb free=116568Kb
 bounds [0x000002a716ad0000, 0x000002a716e30000, 0x000002a71e000000]
CodeHeap 'non-nmethods': size=5760Kb used=1413Kb max_used=1435Kb free=4346Kb
 bounds [0x000002a71e000000, 0x000002a71e270000, 0x000002a71e5a0000]
 total_blobs=2385 nmethods=1877 adapters=412
 compilation: enabled
              stopped_count=0, restarted_count=0
 full_count=0

Compilation events (20 events):
Event: 1.837 Thread 0x000002a72a7733a0 1867       3       java.lang.invoke.MethodHandles$Lookup::getDirectMethodForConstant (72 bytes)
Event: 1.839 Thread 0x000002a72a7733a0 nmethod 1867 0x000002a716e24890 code [0x000002a716e24be0, 0x000002a716e25d50]
Event: 1.839 Thread 0x000002a72a7733a0 1870       3       java.lang.Short::<init> (10 bytes)
Event: 1.839 Thread 0x000002a72a7733a0 nmethod 1870 0x000002a716e26310 code [0x000002a716e264c0, 0x000002a716e26690]
Event: 1.851 Thread 0x000002a72aa6eda0 1871       4       java.lang.StringConcatHelper::newString (67 bytes)
Event: 1.852 Thread 0x000002a72aa6eda0 nmethod 1871 0x000002a71e642990 code [0x000002a71e642b20, 0x000002a71e642c30]
Event: 1.853 Thread 0x000002a72aa6eda0 1872   !   4       java.util.concurrent.ConcurrentHashMap::transfer (849 bytes)
Event: 1.858 Thread 0x000002a72a772cf0 nmethod 1859 0x000002a71e642d10 code [0x000002a71e642f20, 0x000002a71e643b78]
Event: 1.859 Thread 0x000002a72a772cf0 1873       4       java.util.zip.Inflater::ensureOpen (47 bytes)
Event: 1.860 Thread 0x000002a72a772cf0 nmethod 1873 0x000002a71e643f10 code [0x000002a71e6440a0, 0x000002a71e644170]
Event: 1.865 Thread 0x000002a72a772cf0 1874       4       jdk.internal.loader.URLClassPath$JarLoader$2::getCodeSourceURL (8 bytes)
Event: 1.866 Thread 0x000002a72a772cf0 nmethod 1874 0x000002a71e644210 code [0x000002a71e6443a0, 0x000002a71e644448]
Event: 1.866 Thread 0x000002a72a7733a0 1875       3       java.lang.Byte::toUnsignedInt (6 bytes)
Event: 1.867 Thread 0x000002a72a7733a0 nmethod 1875 0x000002a716e26790 code [0x000002a716e26920, 0x000002a716e26a18]
Event: 1.867 Thread 0x000002a72a7733a0 1876       3       java.util.zip.ZipUtils::get32S (17 bytes)
Event: 1.867 Thread 0x000002a72a7733a0 nmethod 1876 0x000002a716e26a90 code [0x000002a716e26c40, 0x000002a716e26ea8]
Event: 1.867 Thread 0x000002a72a7733a0 1877       3       java.util.zip.ZipUtils::unixTimeToFileTime (8 bytes)
Event: 1.867 Thread 0x000002a72a7733a0 nmethod 1877 0x000002a716e27010 code [0x000002a716e271c0, 0x000002a716e272e8]
Event: 1.870 Thread 0x000002a72a7733a0 1878       3       java.util.zip.ZipEntry::setExtra0 (493 bytes)
Event: 1.872 Thread 0x000002a72a7733a0 nmethod 1878 0x000002a716e27390 code [0x000002a716e27740, 0x000002a716e293c8]

GC Heap History (4 events):
Event: 0.781 GC heap before
{Heap before GC invocations=0 (full 0):
 garbage-first heap   total 131072K, used 13312K [0x0000000081200000, 0x0000000100000000)
  region size 1024K, 13 young (13312K), 0 survivors (0K)
 Metaspace       used 3565K, committed 3712K, reserved 1114112K
  class space    used 364K, committed 448K, reserved 1048576K
}
Event: 0.787 GC heap after
{Heap after GC invocations=1 (full 0):
 garbage-first heap   total 131072K, used 5910K [0x0000000081200000, 0x0000000100000000)
  region size 1024K, 2 young (2048K), 2 survivors (2048K)
 Metaspace       used 3565K, committed 3712K, reserved 1114112K
  class space    used 364K, committed 448K, reserved 1048576K
}
Event: 1.354 GC heap before
{Heap before GC invocations=1 (full 0):
 garbage-first heap   total 131072K, used 19222K [0x0000000081200000, 0x0000000100000000)
  region size 1024K, 15 young (15360K), 2 survivors (2048K)
 Metaspace       used 7579K, committed 7808K, reserved 1114112K
  class space    used 893K, committed 960K, reserved 1048576K
}
Event: 1.361 GC heap after
{Heap after GC invocations=2 (full 0):
 garbage-first heap   total 131072K, used 7538K [0x0000000081200000, 0x0000000100000000)
  region size 1024K, 2 young (2048K), 2 survivors (2048K)
 Metaspace       used 7579K, committed 7808K, reserved 1114112K
  class space    used 893K, committed 960K, reserved 1048576K
}

Dll operation events (10 events):
Event: 0.014 Loaded shared library C:\Program Files\Java\jdk-21\bin\java.dll
Event: 0.079 Loaded shared library C:\Program Files\Java\jdk-21\bin\jsvml.dll
Event: 0.233 Loaded shared library C:\Program Files\Java\jdk-21\bin\zip.dll
Event: 0.239 Loaded shared library C:\Program Files\Java\jdk-21\bin\instrument.dll
Event: 0.247 Loaded shared library C:\Program Files\Java\jdk-21\bin\net.dll
Event: 0.250 Loaded shared library C:\Program Files\Java\jdk-21\bin\nio.dll
Event: 0.255 Loaded shared library C:\Program Files\Java\jdk-21\bin\zip.dll
Event: 0.384 Loaded shared library C:\Program Files\JetBrains\IntelliJ IDEA Community Edition 2023.3.2\bin\breakgen64.dll
Event: 0.399 Loaded shared library C:\Program Files\Java\jdk-21\bin\extnet.dll
Event: 0.462 Loaded shared library C:\Program Files\Java\jdk-21\bin\jimage.dll

Deoptimization events (20 events):
Event: 1.704 Thread 0x000002a7709df160 Uncommon trap: trap_request=0xffffff45 fr.pc=0x000002a71e60bb0c relative=0x000000000000006c
Event: 1.704 Thread 0x000002a7709df160 Uncommon trap: reason=unstable_if action=reinterpret pc=0x000002a71e60bb0c method=java.lang.AbstractStringBuilder.isLatin1()Z @ 10 c2
Event: 1.704 Thread 0x000002a7709df160 DEOPT PACKING pc=0x000002a71e60bb0c sp=0x000000b86aefd8c0
Event: 1.704 Thread 0x000002a7709df160 DEOPT UNPACKING pc=0x000002a71e0546a2 sp=0x000000b86aefd850 mode 2
Event: 1.708 Thread 0x000002a7709df160 Uncommon trap: trap_request=0xffffff45 fr.pc=0x000002a71e6035f4 relative=0x0000000000000054
Event: 1.708 Thread 0x000002a7709df160 Uncommon trap: reason=unstable_if action=reinterpret pc=0x000002a71e6035f4 method=java.lang.CharacterData.of(I)Ljava/lang/CharacterData; @ 4 c2
Event: 1.709 Thread 0x000002a7709df160 DEOPT PACKING pc=0x000002a71e6035f4 sp=0x000000b86aefd060
Event: 1.709 Thread 0x000002a7709df160 DEOPT UNPACKING pc=0x000002a71e0546a2 sp=0x000000b86aefcff8 mode 2
Event: 1.714 Thread 0x000002a70e6705b0 Uncommon trap: trap_request=0xffffff45 fr.pc=0x000002a71e60935c relative=0x0000000000000f5c
Event: 1.714 Thread 0x000002a70e6705b0 Uncommon trap: reason=unstable_if action=reinterpret pc=0x000002a71e60935c method=java.util.concurrent.ConcurrentHashMap.addCount(JI)V @ 171 c2
Event: 1.714 Thread 0x000002a70e6705b0 DEOPT PACKING pc=0x000002a71e60935c sp=0x000000b8697fd2c0
Event: 1.714 Thread 0x000002a70e6705b0 DEOPT UNPACKING pc=0x000002a71e0546a2 sp=0x000000b8697fd180 mode 2
Event: 1.737 Thread 0x000002a70e6705b0 Uncommon trap: trap_request=0xffffff45 fr.pc=0x000002a71e5ff4d0 relative=0x0000000000000890
Event: 1.737 Thread 0x000002a70e6705b0 Uncommon trap: reason=unstable_if action=reinterpret pc=0x000002a71e5ff4d0 method=java.util.HashMap.putVal(ILjava/lang/Object;Ljava/lang/Object;ZZ)Ljava/lang/Object; @ 181 c2
Event: 1.737 Thread 0x000002a70e6705b0 DEOPT PACKING pc=0x000002a71e5ff4d0 sp=0x000000b8697fd1f0
Event: 1.737 Thread 0x000002a70e6705b0 DEOPT UNPACKING pc=0x000002a71e0546a2 sp=0x000000b8697fd190 mode 2
Event: 1.743 Thread 0x000002a70e6705b0 Uncommon trap: trap_request=0xffffff45 fr.pc=0x000002a71e5f89c8 relative=0x0000000000000308
Event: 1.743 Thread 0x000002a70e6705b0 Uncommon trap: reason=unstable_if action=reinterpret pc=0x000002a71e5f89c8 method=jdk.internal.org.objectweb.asm.SymbolTable.put(Ljdk/internal/org/objectweb/asm/SymbolTable$Entry;)Ljdk/internal/org/objectweb/asm/SymbolTable$Entry; @ 13 c2
Event: 1.744 Thread 0x000002a70e6705b0 DEOPT PACKING pc=0x000002a71e5f89c8 sp=0x000000b8697fd420
Event: 1.744 Thread 0x000002a70e6705b0 DEOPT UNPACKING pc=0x000002a71e0546a2 sp=0x000000b8697fd3a0 mode 2

Classes loaded (20 events):
Event: 1.667 Loading class java/time/ZonedDateTime$1
Event: 1.668 Loading class java/time/ZonedDateTime$1 done
Event: 1.683 Loading class org/xml/sax/ErrorHandler
Event: 1.683 Loading class org/xml/sax/ErrorHandler done
Event: 1.684 Loading class org/xml/sax/SAXParseException
Event: 1.684 Loading class org/xml/sax/SAXParseException done
Event: 1.692 Loading class java/io/CharConversionException
Event: 1.692 Loading class java/io/CharConversionException done
Event: 1.699 Loading class sun/text/resources/cldr/FormatData_en
Event: 1.700 Loading class sun/text/resources/cldr/FormatData_en done
Event: 1.700 Loading class sun/text/resources/cldr/FormatData_en_US
Event: 1.700 Loading class sun/text/resources/cldr/FormatData_en_US done
Event: 1.735 Loading class java/lang/annotation/Repeatable
Event: 1.735 Loading class java/lang/annotation/Repeatable done
Event: 1.737 Loading class java/io/CharArrayReader
Event: 1.737 Loading class java/io/CharArrayReader done
Event: 1.839 Loading class java/lang/Byte$ByteCache
Event: 1.839 Loading class java/lang/Byte$ByteCache done
Event: 1.839 Loading class java/lang/Short$ShortCache
Event: 1.839 Loading class java/lang/Short$ShortCache done

Classes unloaded (0 events):
No events

Classes redefined (0 events):
No events

Internal exceptions (20 events):
Event: 1.284 Thread 0x000002a70e6705b0 Exception <a 'java/lang/NoSuchMethodError'{0x0000000088687590}: 'int java.lang.invoke.DirectMethodHandle$Holder.invokeInterface(java.lang.Object, java.lang.Object)'> (0x0000000088687590) 
thrown [s\open\src\hotspot\share\interpreter\linkResolver.cpp, line 773]
Event: 1.308 Thread 0x000002a70e6705b0 Exception <a 'java/lang/NoSuchMethodError'{0x00000000886eb180}: 'int java.lang.invoke.DirectMethodHandle$Holder.invokeVirtual(java.lang.Object, java.lang.Object)'> (0x00000000886eb180) 
thrown [s\open\src\hotspot\share\interpreter\linkResolver.cpp, line 773]
Event: 1.337 Thread 0x000002a70e6705b0 Exception <a 'java/lang/NoSuchMethodError'{0x0000000088581d30}: 'java.lang.Object java.lang.invoke.DirectMethodHandle$Holder.invokeSpecial(java.lang.Object, java.lang.Object, java.lang.Object, int, java.lang.Object)'> (0x0000000088581d30) 
thrown [s\open\src\hotspot\share\interpreter\linkResolver.cpp, line 773]
Event: 1.338 Thread 0x000002a70e6705b0 Exception <a 'java/lang/NoSuchMethodError'{0x0000000088589620}: 'java.lang.Object java.lang.invoke.DirectMethodHandle$Holder.newInvokeSpecial(java.lang.Object, java.lang.Object, java.lang.Object, int, java.lang.Object)'> (0x0000000088589620) 
thrown [s\open\src\hotspot\share\interpreter\linkResolver.cpp, line 773]
Event: 1.339 Thread 0x000002a70e6705b0 Exception <a 'java/lang/NoSuchMethodError'{0x0000000088590ad8}: 'java.lang.Object java.lang.invoke.Invokers$Holder.linkToTargetMethod(java.lang.Object, java.lang.Object, int, java.lang.Object, java.lang.Object)'> (0x0000000088590ad8) 
thrown [s\open\src\hotspot\share\interpreter\linkResolver.cpp, line 773]
Event: 1.341 Thread 0x000002a70e6705b0 Exception <a 'java/lang/NoSuchMethodError'{0x000000008859e668}: 'java.lang.Object java.lang.invoke.DirectMethodHandle$Holder.newInvokeSpecial(java.lang.Object, int, java.lang.Object)'> (0x000000008859e668) 
thrown [s\open\src\hotspot\share\interpreter\linkResolver.cpp, line 773]
Event: 1.342 Thread 0x000002a70e6705b0 Exception <a 'java/lang/NoSuchMethodError'{0x00000000885a3018}: 'int java.lang.invoke.DirectMethodHandle$Holder.invokeSpecialIFC(java.lang.Object, java.lang.Object, java.lang.Object, java.lang.Object)'> (0x00000000885a3018) 
thrown [s\open\src\hotspot\share\interpreter\linkResolver.cpp, line 773]
Event: 1.384 Thread 0x000002a70e6705b0 Exception <a 'java/lang/NoSuchMethodError'{0x000000008918a148}: 'void java.lang.invoke.DirectMethodHandle$Holder.invokeInterface(java.lang.Object, java.lang.Object, java.lang.Object)'> (0x000000008918a148) 
thrown [s\open\src\hotspot\share\interpreter\linkResolver.cpp, line 773]
Event: 1.415 Thread 0x000002a70e6705b0 Exception <a 'java/lang/NoSuchMethodError'{0x0000000089017b28}: 'void java.lang.invoke.DirectMethodHandle$Holder.invokeStaticInit(java.lang.Object, java.lang.Object, java.lang.Object)'> (0x0000000089017b28) 
thrown [s\open\src\hotspot\share\interpreter\linkResolver.cpp, line 773]
Event: 1.423 Thread 0x000002a70e6705b0 Exception <a 'java/lang/NoSuchMethodError'{0x0000000089059ea0}: 'java.lang.Object java.lang.invoke.DirectMethodHandle$Holder.invokeStatic(java.lang.Object, long, java.lang.Object)'> (0x0000000089059ea0) 
thrown [s\open\src\hotspot\share\interpreter\linkResolver.cpp, line 773]
Event: 1.424 Thread 0x000002a70e6705b0 Exception <a 'java/lang/NoSuchMethodError'{0x000000008905d4f8}: 'java.lang.Object java.lang.invoke.DirectMethodHandle$Holder.invokeStaticInit(java.lang.Object, long, java.lang.Object)'> (0x000000008905d4f8) 
thrown [s\open\src\hotspot\share\interpreter\linkResolver.cpp, line 773]
Event: 1.425 Thread 0x000002a70e6705b0 Exception <a 'java/lang/NoSuchMethodError'{0x0000000089062c98}: 'java.lang.Object java.lang.invoke.DirectMethodHandle$Holder.newInvokeSpecial(java.lang.Object, long)'> (0x0000000089062c98) 
thrown [s\open\src\hotspot\share\interpreter\linkResolver.cpp, line 773]
Event: 1.446 Thread 0x000002a70e6705b0 Exception <a 'java/lang/NoSuchMethodError'{0x00000000890b0af8}: 'void java.lang.invoke.DirectMethodHandle$Holder.invokeSpecial(java.lang.Object, java.lang.Object, java.lang.Object, java.lang.Object, java.lang.Object)'> (0x00000000890b0af8) 
thrown [s\open\src\hotspot\share\interpreter\linkResolver.cpp, line 773]
Event: 1.447 Thread 0x000002a70e6705b0 Exception <a 'java/lang/NoSuchMethodError'{0x00000000890b8360}: 'void java.lang.invoke.DirectMethodHandle$Holder.invokeVirtual(java.lang.Object, java.lang.Object, java.lang.Object, java.lang.Object)'> (0x00000000890b8360) 
thrown [s\open\src\hotspot\share\interpreter\linkResolver.cpp, line 773]
Event: 1.500 Thread 0x000002a70e6705b0 Exception <a 'java/lang/NoSuchMethodError'{0x0000000088feb530}: 'void java.lang.invoke.DirectMethodHandle$Holder.invokeSpecial(java.lang.Object, java.lang.Object, java.lang.Object)'> (0x0000000088feb530) 
thrown [s\open\src\hotspot\share\interpreter\linkResolver.cpp, line 773]
Event: 1.511 Thread 0x000002a7709df160 Exception <a 'java/lang/NoClassDefFoundError'{0x0000000088e55d10}: jakarta/validation/Validation> (0x0000000088e55d10) 
thrown [s\open\src\hotspot\share\classfile\systemDictionary.cpp, line 301]
Event: 1.511 Thread 0x000002a70e6705b0 Exception <a 'java/lang/IncompatibleClassChangeError'{0x0000000088e15528}: Found class java.lang.Object, but interface was expected> (0x0000000088e15528) 
thrown [s\open\src\hotspot\share\interpreter\linkResolver.cpp, line 840]
Event: 1.519 Thread 0x000002a70e6705b0 Exception <a 'java/lang/NoSuchMethodError'{0x0000000088e28fd0}: 'java.lang.Object java.lang.invoke.DirectMethodHandle$Holder.invokeStaticInit(java.lang.Object, int)'> (0x0000000088e28fd0) 
thrown [s\open\src\hotspot\share\interpreter\linkResolver.cpp, line 773]
Event: 1.521 Thread 0x000002a70e6705b0 Exception <a 'java/lang/NoSuchMethodError'{0x0000000088e331f0}: 'java.lang.Object java.lang.invoke.DirectMethodHandle$Holder.invokeStatic(java.lang.Object, int, java.lang.Object)'> (0x0000000088e331f0) 
thrown [s\open\src\hotspot\share\interpreter\linkResolver.cpp, line 773]
Event: 1.522 Thread 0x000002a70e6705b0 Exception <a 'java/lang/NoSuchMethodError'{0x0000000088e36948}: 'java.lang.Object java.lang.invoke.DirectMethodHandle$Holder.invokeStaticInit(java.lang.Object, int, java.lang.Object)'> (0x0000000088e36948) 
thrown [s\open\src\hotspot\share\interpreter\linkResolver.cpp, line 773]

ZGC Phase Switch (0 events):
No events

VM Operations (20 events):
Event: 0.847 Executing VM operation: HandshakeAllThreads (Deoptimize)
Event: 0.848 Executing VM operation: HandshakeAllThreads (Deoptimize) done
Event: 0.848 Executing VM operation: HandshakeAllThreads (Deoptimize)
Event: 0.848 Executing VM operation: HandshakeAllThreads (Deoptimize) done
Event: 0.999 Executing VM operation: HandshakeAllThreads (Deoptimize)
Event: 0.999 Executing VM operation: HandshakeAllThreads (Deoptimize) done
Event: 1.304 Executing VM operation: HandshakeAllThreads (Deoptimize)
Event: 1.304 Executing VM operation: HandshakeAllThreads (Deoptimize) done
Event: 1.354 Executing VM operation: G1CollectForAllocation (G1 Evacuation Pause)
Event: 1.362 Executing VM operation: G1CollectForAllocation (G1 Evacuation Pause) done
Event: 1.490 Executing VM operation: HandshakeAllThreads (Deoptimize)
Event: 1.490 Executing VM operation: HandshakeAllThreads (Deoptimize) done
Event: 1.496 Executing VM operation: HandshakeAllThreads (Deoptimize)
Event: 1.496 Executing VM operation: HandshakeAllThreads (Deoptimize) done
Event: 1.496 Executing VM operation: HandshakeAllThreads (Deoptimize)
Event: 1.496 Executing VM operation: HandshakeAllThreads (Deoptimize) done
Event: 1.709 Executing VM operation: HandshakeAllThreads (Deoptimize)
Event: 1.710 Executing VM operation: HandshakeAllThreads (Deoptimize) done
Event: 1.831 Executing VM operation: HandshakeAllThreads (Deoptimize)
Event: 1.831 Executing VM operation: HandshakeAllThreads (Deoptimize) done

Events (14 events):
Event: 0.045 Thread 0x000002a70e6705b0 Thread added: 0x000002a70e6705b0
Event: 0.076 Thread 0x000002a72a759320 Thread added: 0x000002a72a759320
Event: 0.076 Thread 0x000002a72a759e50 Thread added: 0x000002a72a759e50
Event: 0.076 Thread 0x000002a72a75dac0 Thread added: 0x000002a72a75dac0
Event: 0.076 Thread 0x000002a72a760140 Thread added: 0x000002a72a760140
Event: 0.077 Thread 0x000002a72a7607b0 Thread added: 0x000002a72a7607b0
Event: 0.077 Thread 0x000002a72a764e30 Thread added: 0x000002a72a764e30
Event: 0.077 Thread 0x000002a72a772cf0 Thread added: 0x000002a72a772cf0
Event: 0.077 Thread 0x000002a72a7733a0 Thread added: 0x000002a72a7733a0
Event: 0.196 Thread 0x000002a72a722ee0 Thread added: 0x000002a72a722ee0
Event: 0.279 Thread 0x000002a72aa6eda0 Thread added: 0x000002a72aa6eda0
Event: 0.384 Thread 0x000002a72ac39db0 Thread added: 0x000002a72ac39db0
Event: 0.385 Thread 0x000002a72ac8c380 Thread added: 0x000002a72ac8c380
Event: 1.506 Thread 0x000002a7709df160 Thread added: 0x000002a7709df160


Dynamic libraries:
0x00007ff765640000 - 0x00007ff765650000 	C:\Program Files\Java\jdk-21\bin\java.exe
0x00007fffe8350000 - 0x00007fffe8548000 	C:\Windows\SYSTEM32\ntdll.dll
0x00007fffe7e90000 - 0x00007fffe7f4d000 	C:\Windows\System32\KERNEL32.DLL
0x00007fffe6030000 - 0x00007fffe6326000 	C:\Windows\System32\KERNELBASE.dll
0x00007fffe5de0000 - 0x00007fffe5ee0000 	C:\Windows\System32\ucrtbase.dll
0x00007fffe3640000 - 0x00007fffe3659000 	C:\Program Files\Java\jdk-21\bin\jli.dll
0x00007fffe0a10000 - 0x00007fffe0a2b000 	C:\Program Files\Java\jdk-21\bin\VCRUNTIME140.dll
0x00007fffe7a90000 - 0x00007fffe7b43000 	C:\Windows\System32\ADVAPI32.dll
0x00007fffe7c40000 - 0x00007fffe7cde000 	C:\Windows\System32\msvcrt.dll
0x00007fffe73c0000 - 0x00007fffe745f000 	C:\Windows\System32\sechost.dll
0x00007fffe71e0000 - 0x00007fffe7306000 	C:\Windows\System32\RPCRT4.dll
0x00007fffe6000000 - 0x00007fffe6027000 	C:\Windows\System32\bcrypt.dll
0x00007fffe74a0000 - 0x00007fffe763e000 	C:\Windows\System32\USER32.dll
0x00007fffe5d20000 - 0x00007fffe5d42000 	C:\Windows\System32\win32u.dll
0x00007fffe7460000 - 0x00007fffe748c000 	C:\Windows\System32\GDI32.dll
0x00007fffe5ee0000 - 0x00007fffe5ffa000 	C:\Windows\System32\gdi32full.dll
0x00007fffe5a20000 - 0x00007fffe5abd000 	C:\Windows\System32\msvcp_win.dll
0x00007fffe4df0000 - 0x00007fffe508a000 	C:\Windows\WinSxS\amd64_microsoft.windows.common-controls_6595b64144ccf1df_6.0.19041.3636_none_60b6a03d71f818d5\COMCTL32.dll
0x00007fffda6d0000 - 0x00007fffda6da000 	C:\Windows\SYSTEM32\VERSION.dll
0x00007fffe6c30000 - 0x00007fffe6c60000 	C:\Windows\System32\IMM32.DLL
0x00007fffe3780000 - 0x00007fffe378c000 	C:\Program Files\Java\jdk-21\bin\vcruntime140_1.dll
0x00007fffb57c0000 - 0x00007fffb584e000 	C:\Program Files\Java\jdk-21\bin\msvcp140.dll
0x00007fff84d10000 - 0x00007fff85a25000 	C:\Program Files\Java\jdk-21\bin\server\jvm.dll
0x00007fffe7950000 - 0x00007fffe79bb000 	C:\Windows\System32\WS2_32.dll
0x00007fffe5620000 - 0x00007fffe566b000 	C:\Windows\SYSTEM32\POWRPROF.dll
0x00007fffd0370000 - 0x00007fffd0397000 	C:\Windows\SYSTEM32\WINMM.dll
0x00007fffe5180000 - 0x00007fffe5192000 	C:\Windows\SYSTEM32\UMPDC.dll
0x00007fffe2bd0000 - 0x00007fffe2be2000 	C:\Windows\SYSTEM32\kernel.appcore.dll
0x00007fffe35c0000 - 0x00007fffe35ca000 	C:\Program Files\Java\jdk-21\bin\jimage.dll
0x00007fffe5430000 - 0x00007fffe5614000 	C:\Windows\SYSTEM32\DBGHELP.DLL
0x00007fffe5370000 - 0x00007fffe53a4000 	C:\Windows\SYSTEM32\dbgcore.DLL
0x00007fffe5d50000 - 0x00007fffe5dd2000 	C:\Windows\System32\bcryptPrimitives.dll
0x00007fffe3950000 - 0x00007fffe395f000 	C:\Program Files\Java\jdk-21\bin\instrument.dll
0x00007fffdf1b0000 - 0x00007fffdf1cf000 	C:\Program Files\Java\jdk-21\bin\java.dll
0x00007fffe6480000 - 0x00007fffe6bc5000 	C:\Windows\System32\SHELL32.dll
0x00007fffe2dd0000 - 0x00007fffe356b000 	C:\Windows\SYSTEM32\windows.storage.dll
0x00007fffe7fb0000 - 0x00007fffe8304000 	C:\Windows\System32\combase.dll
0x00007fffe4d50000 - 0x00007fffe4d7d000 	C:\Windows\SYSTEM32\Wldp.dll
0x00007fffe7310000 - 0x00007fffe73bd000 	C:\Windows\System32\SHCORE.dll
0x00007fffe6bd0000 - 0x00007fffe6c25000 	C:\Windows\System32\shlwapi.dll
0x00007fffe5950000 - 0x00007fffe5975000 	C:\Windows\SYSTEM32\profapi.dll
0x00007fffb03d0000 - 0x00007fffb04a7000 	C:\Program Files\Java\jdk-21\bin\jsvml.dll
0x00007fffdf000000 - 0x00007fffdf018000 	C:\Program Files\Java\jdk-21\bin\zip.dll
0x00007fffe0a50000 - 0x00007fffe0a60000 	C:\Program Files\Java\jdk-21\bin\net.dll
0x00007fffd97d0000 - 0x00007fffd98da000 	C:\Windows\SYSTEM32\WINHTTP.dll
0x00007fffe4c20000 - 0x00007fffe4c8a000 	C:\Windows\system32\mswsock.dll
0x00007fffdf190000 - 0x00007fffdf1a6000 	C:\Program Files\Java\jdk-21\bin\nio.dll
0x00007fffe37a0000 - 0x00007fffe37ba000 	C:\Program Files\JetBrains\IntelliJ IDEA Community Edition 2023.3.2\bin\breakgen64.dll
0x00007fffe39e0000 - 0x00007fffe39e7000 	C:\Program Files\Java\jdk-21\bin\extnet.dll

dbghelp: loaded successfully - version: 4.0.5 - missing functions: none
symbol engine: initialized successfully - sym options: 0x614 - pdb path: .;C:\Program Files\Java\jdk-21\bin;C:\Windows\SYSTEM32;C:\Windows\WinSxS\amd64_microsoft.windows.common-controls_6595b64144ccf1df_6.0.19041.3636_none_60b6a03d71f818d5;C:\Program Files\Java\jdk-21\bin\server;C:\Program Files\JetBrains\IntelliJ IDEA Community Edition 2023.3.2\bin

VM Arguments:
jvm_args: -javaagent:C:\Program Files\JetBrains\IntelliJ IDEA Community Edition 2023.3.2\lib\idea_rt.jar=7152:C:\Program Files\JetBrains\IntelliJ IDEA Community Edition 2023.3.2\bin -Dfile.encoding=UTF-8 -Dsun.stdout.encoding=UTF-8 -Dsun.stderr.encoding=UTF-8 
java_command: hm.rh.RhApplication
java_class_path (initial): C:\Serguey\Java\Recursos-humanos-Spring\target\classes;C:\Users\Usuario\.m2\repository\org\springframework\boot\spring-boot-starter-data-jpa\3.2.1\spring-boot-starter-data-jpa-3.2.1.jar;C:\Users\Usuario\.m2\repository\org\springframework\boot\spring-boot-starter-aop\3.2.1\spring-boot-starter-aop-3.2.1.jar;C:\Users\Usuario\.m2\repository\org\springframework\spring-aop\6.1.2\spring-aop-6.1.2.jar;C:\Users\Usuario\.m2\repository\org\aspectj\aspectjweaver\1.9.21\aspectjweaver-1.9.21.jar;C:\Users\Usuario\.m2\repository\org\springframework\boot\spring-boot-starter-jdbc\3.2.1\spring-boot-starter-jdbc-3.2.1.jar;C:\Users\Usuario\.m2\repository\com\zaxxer\HikariCP\5.0.1\HikariCP-5.0.1.jar;C:\Users\Usuario\.m2\repository\org\springframework\spring-jdbc\6.1.2\spring-jdbc-6.1.2.jar;C:\Users\Usuario\.m2\repository\org\hibernate\orm\hibernate-core\6.4.1.Final\hibernate-core-6.4.1.Final.jar;C:\Users\Usuario\.m2\repository\jakarta\persistence\jakarta.persistence-api\3.1.0\jakarta.persistence-api-3.1.0.jar;C:\Users\Usuario\.m2\repository\jakarta\transaction\jakarta.transaction-api\2.0.1\jakarta.transaction-api-2.0.1.jar;C:\Users\Usuario\.m2\repository\org\jboss\logging\jboss-logging\3.5.3.Final\jboss-logging-3.5.3.Final.jar;C:\Users\Usuario\.m2\repository\org\hibernate\common\hibernate-commons-annotations\6.0.6.Final\hibernate-commons-annotations-6.0.6.Final.jar;C:\Users\Usuario\.m2\repository\io\smallrye\jandex\3.1.2\jandex-3.1.2.jar;C:\Users\Usuario\.m2\repository\com\fasterxml\classmate\1.6.0\classmate-1.6.0.jar;C:\Users\Usuario\.m2\repository\net\bytebuddy\byte-buddy\1.14.10\byte-buddy-1.14.10.jar;C:\Users\Usuario\.m2\repository\org\glassfish\jaxb\jaxb-runtime\4.0.4\jaxb-runtime-4.0.4.jar;C:\Users\Usuario\.m2\repository\org\glassfish\jaxb\jaxb-core\4.0.4\jaxb-core-4.0.4.jar;C:\Users\Usuario\.m2\repository\org\eclipse\angus\angus-activation\2.0.1\angus-activation-2.0.1.jar;C:\Users\Usuario\.m2\repository\org\glassfish\jaxb\txw2\4.0.4\txw2-4.0.4.jar;C:\Users\Usuario\.m2\repository\com\sun\istack\istack-commons-runtime\4.1.2\istack-commons-runtime-4.1.2.jar;C:\Users\Usuario\.m2\repository\jakarta\inject\jakarta.inject-api\2.0.1\jakarta.inject-api-2.0.1.jar;C:\Users\Usuario\.m2\repository\org\antlr\antlr4-runtime\4.13.0\antlr4-runtime-4.13.0.jar;C:\Users\Usuario\.m2\repository\org\springframework\data\spring-data-jpa\3.2.1\spring-data-jpa-3.2.1.jar;C:\Users\Usuario\.m2\repository\org\springframework\data\spring-data-commons\3.2.1\spring-data-commons-3.2.1.jar;C:\Users\Usuario\.m2\repository\org\springframework\spring-orm\6.1.2\spring-orm-6.1.2.jar;C:\Users\Usuario\.m2\repository\org\springframework\spring-context\6.1.2\spring-context-6.1.2.jar;C:\Users\Usuario\.m2\repository\org\springframework\spring-tx\6.1.2\spring-tx-6.1.2.jar;C:\Users\Usuario\.m2\repository\org\springframework\spring-beans\6.1.2\spring-beans-6.1.2.jar;C:\Users\Usuario\.m2\repository\jakarta\annotation\jakarta.annotation-api\2.1.1\jakarta.annotation-api-2.1.1.jar;C:\Users\Usuario\.m2\repository\org\slf4j\slf4j-api\2.0.9\slf4j-api-2.0.9.jar;C:\Users\Usuario\.m2\repository\org\springframework\spring-aspects\6.1.2\spring-aspects-6.1.2.jar;C:\Users\Usuario\.m2\repository\org\springframework\boot\spring-boot-starter-web\3.2.1\spring-boot-starter-web-3.2.1.jar;C:\Users\Usuario\.m2\repository\org\springframework\boot\spring-boot-starter\3.2.1\spring-boot-starter-3.2.1.jar;C:\Users\Usuario\.m2\repository\org\springframework\boot\spring-boot\3.2.1\spring-boot-3.2.1.jar;C:\Users\Usuario\.m2\repository\org\springframework\boot\spring-boot-autoconfigure\3.2.1\spring-boot-autoconfigure-3.2.1.jar;C:\Users\Usuario\.m2\repository\org\springframework\boot\spring-boot-starter-logging\3.2.1\spring-boot-starter-logging-3.2.1.jar;C:\Users\Usuario\.m2\repository\ch\qos\logback\logback-classic\1.4.14\logback-classic-1.4.14.jar;C:\Users\Usuario\.m2\repository\ch\qos\logback\logback-core\1.4.14\logback-core-1.4.14.jar;C:\Users\Usuario\.m2\repository\org\apache\logging\log4j\log4j-to-slf4j\2.21.1\log4j-to-slf4j-2.21.1.jar;C:\Users\Usuario\.m2\repository\org\apache\logging\log4j\log4j-api\2.21.1\log4j-api-2.21.1.jar;C:\Users\Usuario\.m2\repository\org\slf4j\jul-to-slf4j\2.0.9\jul-to-slf4j-2.0.9.jar;C:\Users\Usuario\.m2\repository\org\yaml\snakeyaml\2.2\snakeyaml-2.2.jar;C:\Users\Usuario\.m2\repository\org\springframework\boot\spring-boot-starter-json\3.2.1\spring-boot-starter-json-3.2.1.jar;C:\Users\Usuario\.m2\repository\com\fasterxml\jackson\core\jackson-databind\2.15.3\jackson-databind-2.15.3.jar;C:\Users\Usuario\.m2\repository\com\fasterxml\jackson\core\jackson-annotations\2.15.3\jackson-annotations-2.15.3.jar;C:\Users\Usuario\.m2\repository\com\fasterxml\jackson\core\jackson-core\2.15.3\jackson-core-2.15.3.jar;C:\Users\Usuario\.m2\repository\com\fasterxml\jackson\datatype\jackson-datatype-jdk8\2.15.3\jackson-datatype-jdk8-2.15.3.jar;C:\Users\Usuario\.m2\repository\com\fasterxml\jackson\datatype\jackson-datatype-jsr310\2.15.3\jackson-datatype-jsr310-2.15.3.jar;C:\Users\Usuario\.m2\repository\com\fasterxml\jackson\module\jackson-module-parameter-names\2.15.3\jackson-module-parameter-names-2.15.3.jar;C:\Users\Usuario\.m2\repository\org\springframework\boot\spring-boot-starter-tomcat\3.2.1\spring-boot-starter-tomcat-3.2.1.jar;C:\Users\Usuario\.m2\repository\org\apache\tomcat\embed\tomcat-embed-core\10.1.17\tomcat-embed-core-10.1.17.jar;C:\Users\Usuario\.m2\repository\org\apache\tomcat\embed\tomcat-embed-el\10.1.17\tomcat-embed-el-10.1.17.jar;C:\Users\Usuario\.m2\repository\org\apache\tomcat\embed\tomcat-embed-websocket\10.1.17\tomcat-embed-websocket-10.1.17.jar;C:\Users\Usuario\.m2\repository\org\springframework\spring-web\6.1.2\spring-web-6.1.2.jar;C:\Users\Usuario\.m2\repository\io\micrometer\micrometer-observation\1.12.1\micrometer-observation-1.12.1.jar;C:\Users\Usuario\.m2\repository\io\micrometer\micrometer-commons\1.12.1\micrometer-commons-1.12.1.jar;C:\Users\Usuario\.m2\repository\org\springframework\spring-webmvc\6.1.2\spring-webmvc-6.1.2.jar;C:\Users\Usuario\.m2\repository\org\springframework\spring-expression\6.1.2\spring-expression-6.1.2.jar;C:\Users\Usuario\.m2\repository\com\mysql\mysql-connector-j\8.1.0\mysql-connector-j-8.1.0.jar;C:\Users\Usuario\.m2\repository\org\projectlombok\lombok\1.18.30\lombok-1.18.30.jar;C:\Users\Usuario\.m2\repository\jakarta\xml\bind\jakarta.xml.bind-api\4.0.1\jakarta.xml.bind-api-4.0.1.jar;C:\Users\Usuario\.m2\repository\jakarta\activation\jakarta.activation-api\2.1.2\jakarta.activation-api-2.1.2.jar;C:\Users\Usuario\.m2\repository\org\springframework\spring-core\6.1.2\spring-core-6.1.2.jar;C:\Users\Usuario\.m2\repository\org\springframework\spring-jcl\6.1.2\spring-jcl-6.1.2.jar
Launcher Type: SUN_STANDARD

[Global flags]
     intx CICompilerCount                          = 3                                         {product} {ergonomic}
     uint ConcGCThreads                            = 1                                         {product} {ergonomic}
     uint G1ConcRefinementThreads                  = 4                                         {product} {ergonomic}
   size_t G1HeapRegionSize                         = 1048576                                   {product} {ergonomic}
    uintx GCDrainStackTargetSize                   = 64                                        {product} {ergonomic}
   size_t InitialHeapSize                          = 134217728                                 {product} {ergonomic}
   size_t MarkStackSize                            = 4194304                                   {product} {ergonomic}
   size_t MaxHeapSize                              = 2128609280                                {product} {ergonomic}
   size_t MaxNewSize                               = 1277165568                                {product} {ergonomic}
   size_t MinHeapDeltaBytes                        = 1048576                                   {product} {ergonomic}
   size_t MinHeapSize                              = 8388608                                   {product} {ergonomic}
    uintx NonNMethodCodeHeapSize                   = 5832780                                {pd product} {ergonomic}
    uintx NonProfiledCodeHeapSize                  = 122912730                              {pd product} {ergonomic}
    uintx ProfiledCodeHeapSize                     = 122912730                              {pd product} {ergonomic}
    uintx ReservedCodeCacheSize                    = 251658240                              {pd product} {ergonomic}
     bool SegmentedCodeCache                       = true                                      {product} {ergonomic}
   size_t SoftMaxHeapSize                          = 2128609280                             {manageable} {ergonomic}
     bool UseCompressedOops                        = true                           {product lp64_product} {ergonomic}
     bool UseG1GC                                  = true                                      {product} {ergonomic}
     bool UseLargePagesIndividualAllocation        = false                                  {pd product} {ergonomic}

Logging:
Log output configuration:
 #0: stdout all=warning uptime,level,tags foldmultilines=false
 #1: stderr all=off uptime,level,tags foldmultilines=false

Environment Variables:
PATH=C:\Program Files\Common Files\Oracle\Java\javapath;C:\Windows\system32;C:\Windows;C:\Windows\System32\Wbem;C:\Windows\System32\WindowsPowerShell\v1.0\;C:\Windows\System32\OpenSSH\;C:\Program Files (x86)\NVIDIA Corporation\PhysX\Common;C:\Program Files\NVIDIA Corporation\NVIDIA NvDLISR;C:\Program Files\Git\cmd;C:\Program Files\Calibre2\;C:\Program Files\nodejs\;C:\Users\Usuario\AppData\Local\Microsoft\WindowsApps;C:\Users\Usuario\AppData\Local\Programs\Microsoft VS Code\bin;C:\Users\Usuario\AppData\Roaming\npm
USERNAME=Usuario
OS=Windows_NT
PROCESSOR_IDENTIFIER=Intel64 Family 6 Model 69 Stepping 1, GenuineIntel
TMP=C:\Users\Usuario\AppData\Local\Temp
TEMP=C:\Users\Usuario\AppData\Local\Temp




Periodic native trim disabled

---------------  S Y S T E M  ---------------

OS:
 Windows 10 , 64 bit Build 19041 (10.0.19041.3636)
OS uptime: 1 days 5:03 hours

CPU: total 4 (initial active 4) (2 cores per cpu, 2 threads per core) family 6 model 69 stepping 1 microcode 0x25, cx8, cmov, fxsr, ht, mmx, sse, sse2, sse3, ssse3, sse4.1, sse4.2, popcnt, lzcnt, tsc, tscinvbit, avx, avx2, aes, erms, clmul, bmi1, bmi2, fma, vzeroupper, clflush, rdtscp, f16c
Processor Information for all 4 processors :
  Max Mhz: 2601, Current Mhz: 2600, Mhz Limit: 2574

Memory: 4k page, system-wide physical 8115M (1470M free)
TotalPageFile size 10615M (AvailPageFile size 5M)
current process WorkingSet (physical memory assigned to process): 101M, peak: 101M
current process commit charge ("private bytes"): 232M, peak: 233M

vm_info: Java HotSpot(TM) 64-Bit Server VM (21.0.1+12-LTS-29) for windows-amd64 JRE (21.0.1+12-LTS-29), built on 2023-10-05T13:27:09Z by "mach5one" with MS VC++ 17.1 (VS2022)

END.
